2025-06-26 16:42:59 INFO  Log - INFO log working
2025-06-26 16:42:59 ERROR Log - ERROR log working
2025-06-26 16:42:59 DEBUG Log - DEBUG log working
2025-06-26 16:51:14 INFO  Log - INFO log working
2025-06-26 16:51:14 ERROR Log - ERROR log working
2025-06-26 16:51:14 DEBUG Log - DEBUG log working
2025-06-26 16:53:35 DEBUG org.testng.TestNG - suiteXmlPath: "C:\Users\hp\AppData\Local\JetBrains\IdeaIC2024.2\temp-testng-customsuite.xml"
2025-06-26 16:53:36 INFO  org.testng.internal.Utils - [TestNG] Running:
  C:\Users\hp\AppData\Local\JetBrains\IdeaIC2024.2\temp-testng-customsuite.xml

2025-06-26 16:54:08 DEBUG org.testng.TestNG - suiteXmlPath: "C:\Users\hp\AppData\Local\JetBrains\IdeaIC2024.2\temp-testng-customsuite.xml"
2025-06-26 16:54:08 INFO  org.testng.internal.Utils - [TestNG] Running:
  C:\Users\hp\AppData\Local\JetBrains\IdeaIC2024.2\temp-testng-customsuite.xml

2025-06-26 16:57:48 DEBUG org.testng.TestNG - suiteXmlPath: "C:\Users\hp\AppData\Local\JetBrains\IdeaIC2024.2\temp-testng-customsuite.xml"
2025-06-26 16:57:48 INFO  org.testng.internal.Utils - [TestNG] Running:
  C:\Users\hp\AppData\Local\JetBrains\IdeaIC2024.2\temp-testng-customsuite.xml

2025-06-28 14:49:41 DEBUG org.testng.TestNG - suiteXmlPath: "C:\Users\hp\AppData\Local\JetBrains\IdeaIC2024.2\temp-testng-customsuite.xml"
2025-06-28 14:49:41 INFO  org.testng.internal.Utils - [TestNG] Running:
  C:\Users\hp\AppData\Local\JetBrains\IdeaIC2024.2\temp-testng-customsuite.xml

2025-06-28 15:30:36 DEBUG org.testng.TestNG - suiteXmlPath: "C:\Users\hp\eclipse-workspace\SeleniumFramework\testng.xml"
2025-06-28 15:30:37 INFO  org.testng.internal.Utils - [TestNG] Running:
  C:\Users\hp\eclipse-workspace\SeleniumFramework\testng.xml

2025-06-28 16:00:33 DEBUG org.testng.TestNG - suiteXmlPath: "C:\Users\hp\eclipse-workspace\SeleniumFramework\testng.xml"
2025-07-01 14:15:20 DEBUG org.testng.TestNG - suiteXmlPath: "C:\Users\hp\AppData\Local\JetBrains\IdeaIC2024.2\temp-testng-customsuite.xml"
2025-07-01 14:15:20 INFO  org.testng.internal.Utils - [TestNG] Running:
  C:\Users\hp\AppData\Local\JetBrains\IdeaIC2024.2\temp-testng-customsuite.xml

2025-07-01 14:16:55 DEBUG org.testng.TestNG - suiteXmlPath: "C:\Users\hp\AppData\Local\JetBrains\IdeaIC2024.2\temp-testng-customsuite.xml"
2025-07-01 14:16:55 INFO  org.testng.internal.Utils - [TestNG] Running:
  C:\Users\hp\AppData\Local\JetBrains\IdeaIC2024.2\temp-testng-customsuite.xml

2025-07-01 14:18:46 DEBUG org.testng.TestNG - suiteXmlPath: "C:\Users\hp\AppData\Local\JetBrains\IdeaIC2024.2\temp-testng-customsuite.xml"
2025-07-01 14:18:46 INFO  org.testng.internal.Utils - [TestNG] Running:
  C:\Users\hp\AppData\Local\JetBrains\IdeaIC2024.2\temp-testng-customsuite.xml

